2025-03-19 12:32:38,914 - root - INFO - Starting MongoDB to Neo4j sync service
2025-03-19 12:32:38,914 - root - INFO - Sync interval: 5 minutes
2025-03-19 12:32:38,914 - root - INFO - Starting full sync job at 2025-03-19 12:32:38.914239
2025-03-19 12:32:44,360 - src.spark.session - INFO - Spark session created successfully
2025-03-19 12:32:44,470 - src.graph.neo4j_client - INFO - Connected to Neo4j database
2025-03-19 12:32:44,479 - src.graph.neo4j_client - INFO - Neo4j schema initialized
2025-03-19 12:32:44,480 - root - INFO - Extracting data from MongoDB...
2025-03-19 12:32:50,048 - src.etl.extract - INFO - Extracted 50 records from Person
2025-03-19 12:32:51,274 - src.etl.extract - INFO - Extracted 10 records from Company
2025-03-19 12:32:52,400 - src.etl.extract - INFO - Extracted 93 records from Loan
2025-03-19 12:32:53,374 - src.etl.extract - INFO - Extracted 57 records from PrimaryApplicant
2025-03-19 12:32:54,393 - src.etl.extract - INFO - Extracted 93 records from Coapplicant
2025-03-19 12:32:55,437 - src.etl.extract - INFO - Extracted 183 records from Reference
2025-03-19 12:32:55,445 - root - INFO - Loading nodes into Neo4j...
2025-03-19 12:32:59,811 - src.graph.neo4j_client - ERROR - Error upserting Person node: [Schema.ConstraintValidationFailed] Node(0) already exists with label `Person` and property `personId` = 'PERSON001'
2025-03-19 12:33:00,960 - src.graph.neo4j_client - ERROR - Error upserting Person node: [Schema.ConstraintValidationFailed] Node(1) already exists with label `Person` and property `personId` = 'PERSON002'
2025-03-19 12:33:01,986 - src.graph.neo4j_client - ERROR - Error upserting Person node: [Schema.ConstraintValidationFailed] Node(2) already exists with label `Person` and property `personId` = 'PERSON003'
2025-03-19 12:33:03,131 - src.graph.neo4j_client - ERROR - Error upserting Person node: [Schema.ConstraintValidationFailed] Node(3) already exists with label `Person` and property `personId` = 'PERSON004'
2025-03-19 12:33:04,182 - src.graph.neo4j_client - ERROR - Error upserting Person node: [Schema.ConstraintValidationFailed] Node(4) already exists with label `Person` and property `personId` = 'PERSON005'
2025-03-19 12:33:05,356 - src.graph.neo4j_client - ERROR - Error upserting Person node: [Schema.ConstraintValidationFailed] Node(5) already exists with label `Person` and property `personId` = 'PERSON006'
2025-03-19 12:33:06,369 - src.graph.neo4j_client - ERROR - Error upserting Person node: [Schema.ConstraintValidationFailed] Node(6) already exists with label `Person` and property `personId` = 'PERSON007'
2025-03-19 12:33:07,350 - src.graph.neo4j_client - ERROR - Error upserting Person node: [Schema.ConstraintValidationFailed] Node(7) already exists with label `Person` and property `personId` = 'PERSON008'
2025-03-19 12:33:08,374 - src.graph.neo4j_client - ERROR - Error upserting Person node: [Schema.ConstraintValidationFailed] Node(8) already exists with label `Person` and property `personId` = 'PERSON009'
2025-03-19 12:33:09,405 - src.graph.neo4j_client - ERROR - Error upserting Person node: [Schema.ConstraintValidationFailed] Node(9) already exists with label `Person` and property `personId` = 'PERSON010'
2025-03-19 12:33:10,377 - src.graph.neo4j_client - ERROR - Error upserting Person node: [Schema.ConstraintValidationFailed] Node(10) already exists with label `Person` and property `personId` = 'PERSON011'
2025-03-19 12:33:11,368 - src.graph.neo4j_client - ERROR - Error upserting Person node: [Schema.ConstraintValidationFailed] Node(11) already exists with label `Person` and property `personId` = 'PERSON012'
2025-03-19 12:33:12,349 - src.graph.neo4j_client - ERROR - Error upserting Person node: [Schema.ConstraintValidationFailed] Node(12) already exists with label `Person` and property `personId` = 'PERSON013'
2025-03-19 12:33:13,332 - src.graph.neo4j_client - ERROR - Error upserting Person node: [Schema.ConstraintValidationFailed] Node(13) already exists with label `Person` and property `personId` = 'PERSON014'
2025-03-19 12:33:14,330 - src.graph.neo4j_client - ERROR - Error upserting Person node: [Schema.ConstraintValidationFailed] Node(14) already exists with label `Person` and property `personId` = 'PERSON015'
2025-03-19 12:33:15,263 - src.graph.neo4j_client - ERROR - Error upserting Person node: [Schema.ConstraintValidationFailed] Node(15) already exists with label `Person` and property `personId` = 'PERSON016'
2025-03-19 12:33:16,152 - src.graph.neo4j_client - ERROR - Error upserting Person node: [Schema.ConstraintValidationFailed] Node(16) already exists with label `Person` and property `personId` = 'PERSON017'
2025-03-19 12:33:17,103 - src.graph.neo4j_client - ERROR - Error upserting Person node: [Schema.ConstraintValidationFailed] Node(17) already exists with label `Person` and property `personId` = 'PERSON018'
2025-03-19 12:33:18,088 - src.graph.neo4j_client - ERROR - Error upserting Person node: [Schema.ConstraintValidationFailed] Node(18) already exists with label `Person` and property `personId` = 'PERSON019'
2025-03-19 12:33:18,973 - src.graph.neo4j_client - ERROR - Error upserting Person node: [Schema.ConstraintValidationFailed] Node(19) already exists with label `Person` and property `personId` = 'PERSON020'
2025-03-19 12:33:19,880 - src.graph.neo4j_client - ERROR - Error upserting Person node: [Schema.ConstraintValidationFailed] Node(20) already exists with label `Person` and property `personId` = 'PERSON021'
2025-03-19 12:33:20,801 - src.graph.neo4j_client - ERROR - Error upserting Person node: [Schema.ConstraintValidationFailed] Node(21) already exists with label `Person` and property `personId` = 'PERSON022'
2025-03-19 12:33:21,681 - src.graph.neo4j_client - ERROR - Error upserting Person node: [Schema.ConstraintValidationFailed] Node(22) already exists with label `Person` and property `personId` = 'PERSON023'
2025-03-19 12:33:22,665 - src.graph.neo4j_client - ERROR - Error upserting Person node: [Schema.ConstraintValidationFailed] Node(23) already exists with label `Person` and property `personId` = 'PERSON024'
2025-03-19 12:33:23,554 - src.graph.neo4j_client - ERROR - Error upserting Person node: [Schema.ConstraintValidationFailed] Node(24) already exists with label `Person` and property `personId` = 'PERSON025'
2025-03-19 12:33:24,504 - src.graph.neo4j_client - ERROR - Error upserting Person node: [Schema.ConstraintValidationFailed] Node(25) already exists with label `Person` and property `personId` = 'PERSON026'
2025-03-19 12:33:25,357 - src.graph.neo4j_client - ERROR - Error upserting Person node: [Schema.ConstraintValidationFailed] Node(26) already exists with label `Person` and property `personId` = 'PERSON027'
2025-03-19 12:33:26,228 - src.graph.neo4j_client - ERROR - Error upserting Person node: [Schema.ConstraintValidationFailed] Node(27) already exists with label `Person` and property `personId` = 'PERSON028'
2025-03-19 12:33:27,147 - src.graph.neo4j_client - ERROR - Error upserting Person node: [Schema.ConstraintValidationFailed] Node(28) already exists with label `Person` and property `personId` = 'PERSON029'
2025-03-19 12:33:28,081 - src.graph.neo4j_client - ERROR - Error upserting Person node: [Schema.ConstraintValidationFailed] Node(29) already exists with label `Person` and property `personId` = 'PERSON030'
2025-03-19 12:33:29,015 - src.graph.neo4j_client - ERROR - Error upserting Person node: [Schema.ConstraintValidationFailed] Node(30) already exists with label `Person` and property `personId` = 'PERSON031'
2025-03-19 12:33:29,957 - src.graph.neo4j_client - ERROR - Error upserting Person node: [Schema.ConstraintValidationFailed] Node(31) already exists with label `Person` and property `personId` = 'PERSON032'
2025-03-19 12:33:30,891 - src.graph.neo4j_client - ERROR - Error upserting Person node: [Schema.ConstraintValidationFailed] Node(32) already exists with label `Person` and property `personId` = 'PERSON033'
2025-03-19 12:33:31,783 - src.graph.neo4j_client - ERROR - Error upserting Person node: [Schema.ConstraintValidationFailed] Node(33) already exists with label `Person` and property `personId` = 'PERSON034'
2025-03-19 12:33:32,744 - src.graph.neo4j_client - ERROR - Error upserting Person node: [Schema.ConstraintValidationFailed] Node(34) already exists with label `Person` and property `personId` = 'PERSON035'
2025-03-19 12:33:33,660 - src.graph.neo4j_client - ERROR - Error upserting Person node: [Schema.ConstraintValidationFailed] Node(35) already exists with label `Person` and property `personId` = 'PERSON036'
2025-03-19 12:33:34,480 - src.graph.neo4j_client - ERROR - Error upserting Person node: [Schema.ConstraintValidationFailed] Node(36) already exists with label `Person` and property `personId` = 'PERSON037'
2025-03-19 12:33:35,347 - src.graph.neo4j_client - ERROR - Error upserting Person node: [Schema.ConstraintValidationFailed] Node(37) already exists with label `Person` and property `personId` = 'PERSON038'
2025-03-19 12:33:36,420 - src.graph.neo4j_client - ERROR - Error upserting Person node: [Schema.ConstraintValidationFailed] Node(38) already exists with label `Person` and property `personId` = 'PERSON039'
2025-03-19 12:33:37,357 - src.graph.neo4j_client - ERROR - Error upserting Person node: [Schema.ConstraintValidationFailed] Node(39) already exists with label `Person` and property `personId` = 'PERSON040'
2025-03-19 12:33:38,314 - src.graph.neo4j_client - ERROR - Error upserting Person node: [Schema.ConstraintValidationFailed] Node(40) already exists with label `Person` and property `personId` = 'PERSON041'
2025-03-19 12:33:39,279 - src.graph.neo4j_client - ERROR - Error upserting Person node: [Schema.ConstraintValidationFailed] Node(41) already exists with label `Person` and property `personId` = 'PERSON042'
2025-03-19 12:33:40,180 - src.graph.neo4j_client - ERROR - Error upserting Person node: [Schema.ConstraintValidationFailed] Node(42) already exists with label `Person` and property `personId` = 'PERSON043'
2025-03-19 12:33:41,039 - src.graph.neo4j_client - ERROR - Error upserting Person node: [Schema.ConstraintValidationFailed] Node(43) already exists with label `Person` and property `personId` = 'PERSON044'
2025-03-19 12:33:41,976 - src.graph.neo4j_client - ERROR - Error upserting Person node: [Schema.ConstraintValidationFailed] Node(44) already exists with label `Person` and property `personId` = 'PERSON045'
2025-03-19 12:33:42,831 - src.graph.neo4j_client - ERROR - Error upserting Person node: [Schema.ConstraintValidationFailed] Node(45) already exists with label `Person` and property `personId` = 'PERSON046'
2025-03-19 12:33:43,906 - src.graph.neo4j_client - ERROR - Error upserting Person node: [Schema.ConstraintValidationFailed] Node(46) already exists with label `Person` and property `personId` = 'PERSON047'
2025-03-19 12:33:44,808 - src.graph.neo4j_client - ERROR - Error upserting Person node: [Schema.ConstraintValidationFailed] Node(47) already exists with label `Person` and property `personId` = 'PERSON048'
2025-03-19 12:33:45,719 - src.graph.neo4j_client - ERROR - Error upserting Person node: [Schema.ConstraintValidationFailed] Node(48) already exists with label `Person` and property `personId` = 'PERSON049'
2025-03-19 12:33:46,641 - src.graph.neo4j_client - ERROR - Error upserting Person node: [Schema.ConstraintValidationFailed] Node(49) already exists with label `Person` and property `personId` = 'PERSON050'
2025-03-19 12:33:46,642 - src.etl.load - INFO - Loaded 0 Person nodes
2025-03-19 12:33:48,403 - src.etl.load - INFO - Loaded 93 Loan nodes
2025-03-19 12:33:54,302 - src.spark.session - INFO - Updated sync timestamp for Loan to 2025-03-19T07:03:48.403410Z
2025-03-19 12:33:55,215 - src.etl.load - INFO - Loaded 10 Company nodes
2025-03-19 12:34:02,684 - src.spark.session - INFO - Updated sync timestamp for Company to 2025-03-19T07:03:55.215468Z
2025-03-19 12:34:02,685 - root - INFO - Loading relationships into Neo4j...
2025-03-19 12:34:06,535 - src.etl.load - INFO - Created 93 PrimaryApplicant-Loan relationships
2025-03-19 12:34:11,883 - src.spark.session - INFO - Updated sync timestamp for PrimaryApplicant to 2025-03-19T07:04:06.536852Z
2025-03-19 12:34:15,736 - src.etl.load - INFO - Created 93 Loan-CoApplicant relationships
2025-03-19 12:34:21,253 - src.spark.session - INFO - Updated sync timestamp for Coapplicant to 2025-03-19T07:04:15.737307Z
2025-03-19 12:34:25,615 - src.etl.load - INFO - Created 183 Loan-Reference relationships
2025-03-19 12:34:30,785 - src.spark.session - INFO - Updated sync timestamp for Reference to 2025-03-19T07:04:25.616744Z
2025-03-19 12:34:34,722 - src.etl.load - INFO - Created 50 Person-Company relationships
2025-03-19 12:34:34,723 - root - INFO - Sync job completed in 115.81 seconds
2025-03-19 12:34:34,723 - root - INFO - Nodes loaded: 0 Persons, 93 Loans, 10 Companies
2025-03-19 12:34:34,724 - root - INFO - Relationships loaded: 93 Primary, 93 CoApplicant, 183 Reference, 50 Company
2025-03-19 12:38:09,926 - root - ERROR - Service stopped due to error: 'NoneType' object has no attribute 'sc'
Traceback (most recent call last):
  File ".\src\main.py", line 97, in main
    time.sleep(1)
  File "C:\Users\ADITI\anaconda3\envs\spark_env\lib\site-packages\pyspark\context.py", line 381, in signal_handler
    self.cancelAllJobs()
  File "C:\Users\ADITI\anaconda3\envs\spark_env\lib\site-packages\pyspark\context.py", line 2446, in cancelAllJobs
    self._jsc.sc().cancelAllJobs()
AttributeError: 'NoneType' object has no attribute 'sc'
