2025-03-19 12:38:11,614 - root - INFO - Starting MongoDB to Neo4j sync service
2025-03-19 12:38:11,615 - root - INFO - Sync interval: 5 minutes
2025-03-19 12:38:11,615 - root - INFO - Starting full sync job at 2025-03-19 12:38:11.615300
2025-03-19 12:38:29,447 - src.spark.session - INFO - Spark session created successfully
2025-03-19 12:38:29,596 - src.graph.neo4j_client - INFO - Connected to Neo4j database
2025-03-19 12:38:29,614 - src.graph.neo4j_client - INFO - Neo4j schema initialized
2025-03-19 12:38:29,615 - root - INFO - Extracting data from MongoDB...
2025-03-19 12:38:36,968 - src.etl.extract - INFO - Extracted 50 records from Person
2025-03-19 12:38:38,468 - src.etl.extract - INFO - Extracted 10 records from Company
2025-03-19 12:38:39,696 - src.etl.extract - INFO - Extracted 93 records from Loan
2025-03-19 12:38:41,079 - src.etl.extract - INFO - Extracted 57 records from PrimaryApplicant
2025-03-19 12:38:42,259 - src.etl.extract - INFO - Extracted 93 records from Coapplicant
2025-03-19 12:38:43,569 - src.etl.extract - INFO - Extracted 183 records from Reference
2025-03-19 12:38:43,579 - root - INFO - Loading nodes into Neo4j...
2025-03-19 12:38:49,609 - src.graph.neo4j_client - ERROR - Error upserting Person node: [Schema.ConstraintValidationFailed] Node(0) already exists with label `Person` and property `personId` = 'PERSON001'
2025-03-19 12:38:50,905 - src.graph.neo4j_client - ERROR - Error upserting Person node: [Schema.ConstraintValidationFailed] Node(1) already exists with label `Person` and property `personId` = 'PERSON002'
2025-03-19 12:38:52,338 - src.graph.neo4j_client - ERROR - Error upserting Person node: [Schema.ConstraintValidationFailed] Node(2) already exists with label `Person` and property `personId` = 'PERSON003'
2025-03-19 12:38:53,505 - src.graph.neo4j_client - ERROR - Error upserting Person node: [Schema.ConstraintValidationFailed] Node(3) already exists with label `Person` and property `personId` = 'PERSON004'
2025-03-19 12:38:54,719 - src.graph.neo4j_client - ERROR - Error upserting Person node: [Schema.ConstraintValidationFailed] Node(4) already exists with label `Person` and property `personId` = 'PERSON005'
2025-03-19 12:38:55,917 - src.graph.neo4j_client - ERROR - Error upserting Person node: [Schema.ConstraintValidationFailed] Node(5) already exists with label `Person` and property `personId` = 'PERSON006'
2025-03-19 12:38:57,171 - src.graph.neo4j_client - ERROR - Error upserting Person node: [Schema.ConstraintValidationFailed] Node(6) already exists with label `Person` and property `personId` = 'PERSON007'
2025-03-19 12:38:58,277 - src.graph.neo4j_client - ERROR - Error upserting Person node: [Schema.ConstraintValidationFailed] Node(7) already exists with label `Person` and property `personId` = 'PERSON008'
2025-03-19 12:38:59,607 - src.graph.neo4j_client - ERROR - Error upserting Person node: [Schema.ConstraintValidationFailed] Node(8) already exists with label `Person` and property `personId` = 'PERSON009'
2025-03-19 12:39:00,751 - src.graph.neo4j_client - ERROR - Error upserting Person node: [Schema.ConstraintValidationFailed] Node(9) already exists with label `Person` and property `personId` = 'PERSON010'
2025-03-19 12:39:02,060 - src.graph.neo4j_client - ERROR - Error upserting Person node: [Schema.ConstraintValidationFailed] Node(10) already exists with label `Person` and property `personId` = 'PERSON011'
2025-03-19 12:39:03,131 - src.graph.neo4j_client - ERROR - Error upserting Person node: [Schema.ConstraintValidationFailed] Node(11) already exists with label `Person` and property `personId` = 'PERSON012'
2025-03-19 12:39:04,191 - src.graph.neo4j_client - ERROR - Error upserting Person node: [Schema.ConstraintValidationFailed] Node(12) already exists with label `Person` and property `personId` = 'PERSON013'
2025-03-19 12:39:05,214 - src.graph.neo4j_client - ERROR - Error upserting Person node: [Schema.ConstraintValidationFailed] Node(13) already exists with label `Person` and property `personId` = 'PERSON014'
2025-03-19 12:39:06,262 - src.graph.neo4j_client - ERROR - Error upserting Person node: [Schema.ConstraintValidationFailed] Node(14) already exists with label `Person` and property `personId` = 'PERSON015'
2025-03-19 12:39:07,437 - src.graph.neo4j_client - ERROR - Error upserting Person node: [Schema.ConstraintValidationFailed] Node(15) already exists with label `Person` and property `personId` = 'PERSON016'
2025-03-19 12:39:08,468 - src.graph.neo4j_client - ERROR - Error upserting Person node: [Schema.ConstraintValidationFailed] Node(16) already exists with label `Person` and property `personId` = 'PERSON017'
2025-03-19 12:39:09,530 - src.graph.neo4j_client - ERROR - Error upserting Person node: [Schema.ConstraintValidationFailed] Node(17) already exists with label `Person` and property `personId` = 'PERSON018'
2025-03-19 12:39:10,597 - src.graph.neo4j_client - ERROR - Error upserting Person node: [Schema.ConstraintValidationFailed] Node(18) already exists with label `Person` and property `personId` = 'PERSON019'
2025-03-19 12:39:11,660 - src.graph.neo4j_client - ERROR - Error upserting Person node: [Schema.ConstraintValidationFailed] Node(19) already exists with label `Person` and property `personId` = 'PERSON020'
2025-03-19 12:39:12,731 - src.graph.neo4j_client - ERROR - Error upserting Person node: [Schema.ConstraintValidationFailed] Node(20) already exists with label `Person` and property `personId` = 'PERSON021'
2025-03-19 12:39:13,772 - src.graph.neo4j_client - ERROR - Error upserting Person node: [Schema.ConstraintValidationFailed] Node(21) already exists with label `Person` and property `personId` = 'PERSON022'
2025-03-19 12:39:14,761 - src.graph.neo4j_client - ERROR - Error upserting Person node: [Schema.ConstraintValidationFailed] Node(22) already exists with label `Person` and property `personId` = 'PERSON023'
2025-03-19 12:39:15,788 - src.graph.neo4j_client - ERROR - Error upserting Person node: [Schema.ConstraintValidationFailed] Node(23) already exists with label `Person` and property `personId` = 'PERSON024'
2025-03-19 12:39:16,766 - src.graph.neo4j_client - ERROR - Error upserting Person node: [Schema.ConstraintValidationFailed] Node(24) already exists with label `Person` and property `personId` = 'PERSON025'
2025-03-19 12:39:17,771 - src.graph.neo4j_client - ERROR - Error upserting Person node: [Schema.ConstraintValidationFailed] Node(25) already exists with label `Person` and property `personId` = 'PERSON026'
2025-03-19 12:39:18,879 - src.graph.neo4j_client - ERROR - Error upserting Person node: [Schema.ConstraintValidationFailed] Node(26) already exists with label `Person` and property `personId` = 'PERSON027'
2025-03-19 12:39:19,941 - src.graph.neo4j_client - ERROR - Error upserting Person node: [Schema.ConstraintValidationFailed] Node(27) already exists with label `Person` and property `personId` = 'PERSON028'
2025-03-19 12:39:21,011 - src.graph.neo4j_client - ERROR - Error upserting Person node: [Schema.ConstraintValidationFailed] Node(28) already exists with label `Person` and property `personId` = 'PERSON029'
2025-03-19 12:39:22,058 - src.graph.neo4j_client - ERROR - Error upserting Person node: [Schema.ConstraintValidationFailed] Node(29) already exists with label `Person` and property `personId` = 'PERSON030'
2025-03-19 12:39:23,075 - src.graph.neo4j_client - ERROR - Error upserting Person node: [Schema.ConstraintValidationFailed] Node(30) already exists with label `Person` and property `personId` = 'PERSON031'
2025-03-19 12:39:24,035 - src.graph.neo4j_client - ERROR - Error upserting Person node: [Schema.ConstraintValidationFailed] Node(31) already exists with label `Person` and property `personId` = 'PERSON032'
2025-03-19 12:39:25,052 - src.graph.neo4j_client - ERROR - Error upserting Person node: [Schema.ConstraintValidationFailed] Node(32) already exists with label `Person` and property `personId` = 'PERSON033'
2025-03-19 12:39:26,052 - src.graph.neo4j_client - ERROR - Error upserting Person node: [Schema.ConstraintValidationFailed] Node(33) already exists with label `Person` and property `personId` = 'PERSON034'
2025-03-19 12:39:27,091 - src.graph.neo4j_client - ERROR - Error upserting Person node: [Schema.ConstraintValidationFailed] Node(34) already exists with label `Person` and property `personId` = 'PERSON035'
2025-03-19 12:39:28,236 - src.graph.neo4j_client - ERROR - Error upserting Person node: [Schema.ConstraintValidationFailed] Node(35) already exists with label `Person` and property `personId` = 'PERSON036'
2025-03-19 12:39:29,340 - src.graph.neo4j_client - ERROR - Error upserting Person node: [Schema.ConstraintValidationFailed] Node(36) already exists with label `Person` and property `personId` = 'PERSON037'
2025-03-19 12:39:30,414 - src.graph.neo4j_client - ERROR - Error upserting Person node: [Schema.ConstraintValidationFailed] Node(37) already exists with label `Person` and property `personId` = 'PERSON038'
2025-03-19 12:39:31,413 - src.graph.neo4j_client - ERROR - Error upserting Person node: [Schema.ConstraintValidationFailed] Node(38) already exists with label `Person` and property `personId` = 'PERSON039'
2025-03-19 12:39:32,639 - src.graph.neo4j_client - ERROR - Error upserting Person node: [Schema.ConstraintValidationFailed] Node(39) already exists with label `Person` and property `personId` = 'PERSON040'
2025-03-19 12:39:33,695 - src.graph.neo4j_client - ERROR - Error upserting Person node: [Schema.ConstraintValidationFailed] Node(40) already exists with label `Person` and property `personId` = 'PERSON041'
2025-03-19 12:39:34,688 - src.graph.neo4j_client - ERROR - Error upserting Person node: [Schema.ConstraintValidationFailed] Node(41) already exists with label `Person` and property `personId` = 'PERSON042'
2025-03-19 12:39:35,677 - src.graph.neo4j_client - ERROR - Error upserting Person node: [Schema.ConstraintValidationFailed] Node(42) already exists with label `Person` and property `personId` = 'PERSON043'
2025-03-19 12:39:36,762 - src.graph.neo4j_client - ERROR - Error upserting Person node: [Schema.ConstraintValidationFailed] Node(43) already exists with label `Person` and property `personId` = 'PERSON044'
2025-03-19 12:39:37,768 - src.graph.neo4j_client - ERROR - Error upserting Person node: [Schema.ConstraintValidationFailed] Node(44) already exists with label `Person` and property `personId` = 'PERSON045'
2025-03-19 12:39:38,856 - src.graph.neo4j_client - ERROR - Error upserting Person node: [Schema.ConstraintValidationFailed] Node(45) already exists with label `Person` and property `personId` = 'PERSON046'
2025-03-19 12:39:39,900 - src.graph.neo4j_client - ERROR - Error upserting Person node: [Schema.ConstraintValidationFailed] Node(46) already exists with label `Person` and property `personId` = 'PERSON047'
2025-03-19 12:39:40,956 - src.graph.neo4j_client - ERROR - Error upserting Person node: [Schema.ConstraintValidationFailed] Node(47) already exists with label `Person` and property `personId` = 'PERSON048'
2025-03-19 12:39:41,943 - src.graph.neo4j_client - ERROR - Error upserting Person node: [Schema.ConstraintValidationFailed] Node(48) already exists with label `Person` and property `personId` = 'PERSON049'
2025-03-19 12:39:43,097 - src.graph.neo4j_client - ERROR - Error upserting Person node: [Schema.ConstraintValidationFailed] Node(49) already exists with label `Person` and property `personId` = 'PERSON050'
2025-03-19 12:39:43,099 - src.etl.load - INFO - Loaded 0 Person nodes
2025-03-19 12:39:44,251 - root - ERROR - Error during sync job: Object of type datetime is not JSON serializable
Traceback (most recent call last):
  File ".\src\main.py", line 57, in run_sync_job
    loan_count = load_loans(spark, loan_df, neo4j_client)
  File "C:\Users\ADITI\Desktop\pyspark-pipeline\src\etl\load.py", line 109, in load_loans
    logger.info(f"Inserting Loan Node: {json.dumps(updated_properties, indent=2)}")
  File "C:\Users\ADITI\anaconda3\envs\spark_env\lib\json\__init__.py", line 234, in dumps
    return cls(
  File "C:\Users\ADITI\anaconda3\envs\spark_env\lib\json\encoder.py", line 201, in encode
    chunks = list(chunks)
  File "C:\Users\ADITI\anaconda3\envs\spark_env\lib\json\encoder.py", line 431, in _iterencode
    yield from _iterencode_dict(o, _current_indent_level)
  File "C:\Users\ADITI\anaconda3\envs\spark_env\lib\json\encoder.py", line 405, in _iterencode_dict
    yield from chunks
  File "C:\Users\ADITI\anaconda3\envs\spark_env\lib\json\encoder.py", line 438, in _iterencode
    o = _default(o)
  File "C:\Users\ADITI\anaconda3\envs\spark_env\lib\json\encoder.py", line 179, in default
    raise TypeError(f'Object of type {o.__class__.__name__} '
TypeError: Object of type datetime is not JSON serializable
